<?xml version="1.0" encoding="UTF-8" standalone="yes" ?>
<test-results name="Z:\projects.git\MakeChange\Win32\Debug\MakeChangeTests.exe" total="6" errors="0" failures="0" ignored="0" inconclusive="0" not-run="0" skipped="0" invalid="0" date="2016-04-28" time="17.426">
  <culture-info current-culture="en" current-uiculture="en" />
  <test-suite type="Assembly" name="MakeChangeTests.exe" executed="true" result="Success" success="True" time="17.426" asserts="0">
    <results>
        <test-suite type="Namespace" name="uMakeChangeTests" executed="true" result="Success" success="True" time="17.424" asserts="0" >
          <results>
              <test-suite type="Fixture" name="TMakeChangeTests" executed="True" result="Success" success="True" time="17.424" >
                <results>
                  <test-case name="Test_coinsToInt" executed="True" result="Success" success="True" time="0.000" asserts="0" />
                  <test-case name="MakeChangeTest.Expecting 1280001" executed="True" result="Success" success="True" time="5.378" asserts="0" />
                  <test-case name="MakeChangeTest.Expecting 6400000 w/only pennies" executed="True" result="Success" success="True" time="4.366" asserts="0" />
                  <test-case name="MakeChangeTest.Expecting 49" executed="True" result="Success" success="True" time="0.000" asserts="0" />
                  <test-case name="MakeChangeTest.Expecting 242" executed="True" result="Success" success="True" time="0.000" asserts="0" />
                  <test-case name="MakeChangeTest.Expecting 34952901974464001" executed="True" result="Success" success="True" time="7.721" asserts="0" />
                </results>
              </test-suite>
          </results>
        </test-suite>
    </results>
  </test-suite>
</test-results>
